2022/6/14 22:27:45 admin 登录成功
2022/6/14 22:46:41 admin 模糊搜索 课程 毛概
2022/6/14 22:46:45 admin 模糊搜索 课程 毛
2022/6/14 22:46:45 admin 精确搜索课程 毛
2022/6/14 22:46:49 admin 精确搜索课程 
2022/6/14 22:46:49 admin 模糊搜索 课程 
2022/6/14 22:49:34 undefined 查看课程 1 数据逻辑310
2022/6/14 22:55:52 2020211523 登录成功
2022/6/14 22:56:05 admin 登录成功
2022/6/14 22:58:59 666 使用导航 从 2 学生3公寓 到 131 沙河教学实验综合楼
2022/6/14 23:00:20 666 查看课程 1 数据逻辑310
2022/6/14 23:00:26 666 查看课程 1 数据逻辑310
2022/6/14 23:00:51 666 使用导航 从 2 学生3公寓 到 131 沙河教学实验综合楼
2022/6/14 23:07:14 666 查看课程 0 数据结构308
2022/6/14 23:07:16 666 查看课程 0 数据结构308
2022/6/14 23:07:37 666 查看课程 3 计算机系统课程设计309
2022/6/14 23:07:44 admin 修改课程信息 3 计算机系统课程设计309
2022/6/14 23:07:54 666 查看课程 3 计算机系统课程设计309
2022/6/14 23:08:12 admin 修改课程信息 3 计算机系统课程设计309
2022/6/14 23:15:21 666 查看课程 0 数据结构308
2022/6/14 23:15:28 admin 上传 0 数据结构308 的资料 resource.TXT
2022/6/14 23:15:38 2020211523 登录成功
2022/6/14 23:16:11 2020211523 查看课程 0 数据结构308
2022/6/14 23:16:13 2020211523 查看 0 数据结构308的资料
2022/6/14 23:18:29 2020211523 登录成功
2022/6/14 23:18:31 2020211523 查看课程 0 数据结构308
2022/6/14 23:18:33 2020211523 查看 0 数据结构308的资料
2022/6/14 23:19:09 2020211523 查看 0 数据结构308的资料
2022/6/14 23:21:23 2020211523 查看 0 数据结构308的资料
2022/6/14 23:21:28 2020211523 查看 0 数据结构308的资料
2022/6/14 23:21:54 2020211523 查看课程 2 计算机系统308
2022/6/14 23:21:56 2020211523 查看课程 0 数据结构308
2022/6/14 23:21:57 2020211523 查看 0 数据结构308的资料
2022/6/14 23:23:55 2020211523 查看 0 数据结构308的资料
2022/6/14 23:24:34 2020211523 查看 0 数据结构308的资料
2022/6/14 23:24:59 2020211523 查看课程 0 数据结构308
2022/6/14 23:25:01 2020211523 查看 0 数据结构308的资料
2022/6/14 23:26:31 2020211523 查看 0 数据结构308的资料
2022/6/14 23:26:48 2020211523 查看课程 0 数据结构308
2022/6/14 23:26:51 2020211523 查看 0 数据结构308的资料
2022/6/14 23:27:50 admin 登录成功
2022/6/14 23:27:53 666 查看课程 0 数据结构308
2022/6/14 23:29:30 admin 查看 2020211523的0 数据结构308作业
2022/6/14 23:30:05 666 查看课程 0 数据结构308
2022/6/14 23:30:21 666 查看课程 0 数据结构308
2022/6/14 23:35:15 2020211523 查看课程 0 数据结构308
2022/6/14 23:41:34 2020211523 查看课程 0 数据结构308
2022/6/14 23:53:15 666 查看课程 0 数据结构308
2022/6/14 23:53:28 2020211530 登录成功
2022/6/14 23:53:31 2020211530 查看课程 0 数据结构308
2022/6/14 23:53:37 2020211530 上传作业 0 2020211530.txt
2022/6/14 23:53:58 2020211530 上传作业 0 2020211530.TXT
2022/6/14 23:58:55 2020211530 上传作业但查重 0 2020211530.TXT
2022/6/15 00:12:56 admin 登录成功
2022/6/15 00:12:58 666 查看课程 0 数据结构308
2022/6/15 00:13:05 666 查看课程 0 数据结构308
2022/6/15 00:13:07 admin 检查课程完成情况 0 数据结构308
2022/6/15 00:13:44 admin 检查课程完成情况 0 数据结构308
2022/6/15 00:14:00 admin 检查课程完成情况 0 数据结构308
2022/6/15 00:14:29 admin 检查课程完成情况 0 数据结构308
2022/6/15 00:14:46 admin 检查课程完成情况 0 数据结构308
2022/6/15 00:16:08 admin 检查课程完成情况 0 数据结构308
2022/6/15 00:16:25 admin 检查课程完成情况 0 数据结构308
2022/6/15 00:16:34 admin 检查课程完成情况 0 数据结构308
2022/6/15 00:16:49 admin 检查课程完成情况 0 数据结构308
2022/6/15 00:29:42 admin 登录成功
2022/6/15 00:29:43 666 查看课程 0 数据结构308
2022/6/15 00:29:44 admin 检查课程完成情况 0 数据结构308
2022/6/15 00:29:50 admin 查看 2020211523的0 数据结构308作业
2022/6/15 00:30:05 admin 修改课程信息 0 数据结构308
2022/6/15 00:30:59 2020211523 登录成功
2022/6/15 00:31:01 2020211523 查看课程 0 数据结构308
2022/6/15 00:31:05 2020211523 查看课程 0 数据结构308
2022/6/15 00:31:08 2020211523 查看课程 0 数据结构308
2022/6/15 00:31:15 2020211523 查看课程 0 数据结构308
2022/6/15 00:31:17 2020211523 查看 0 数据结构308的资料
2022/6/15 00:31:21 2020211523 查看课程 0 数据结构308
2022/6/15 00:31:26 2020211523 上传作业 0 2020211523.TXT
2022/6/15 00:33:16 2020211523 查看课程 0 数据结构308
2022/6/15 00:33:50 2020211523 查看课程 0 数据结构308
2022/6/15 00:34:10 2020211523 查看课程 0 数据结构308
2022/6/15 00:34:29 2020211523 查看课程 0 数据结构308
2022/6/15 00:34:59 2020211523 查看课程 0 数据结构308
2022/6/15 00:37:21 2020211523 查看课程 0 数据结构308
2022/6/15 00:39:09 2020211523 查看课程 0 数据结构308
2022/6/15 00:39:11 2020211523 查看课程 0 数据结构308
2022/6/15 00:39:14 2020211523 查看课程 0 数据结构308
2022/6/15 00:39:16 2020211523 查看 0 数据结构308的资料
2022/6/15 00:39:22 2020211523 查看课程 0 数据结构308
2022/6/15 00:39:26 2020211523 上传作业 0 2020211523.TXT
2022/6/15 00:39:33 2020211523 查看课程 0 数据结构308
2022/6/15 00:51:14 2020211523 登录成功
2022/6/15 00:51:18 666 查看课程 0 数据结构308
2022/6/15 00:51:20 admin 修改课程信息 0 数据结构308
2022/6/15 00:51:29 2020211523 查看课程 0 数据结构308
2022/6/15 00:51:32 2020211523 上传作业 0 2020211523.TXT
2022/6/15 00:51:34 2020211523 查看 0 数据结构308的资料
2022/6/15 00:51:44 666 查看课程 0 数据结构308
2022/6/15 00:51:55 admin 检查课程完成情况 0 数据结构308
2022/6/15 00:52:01 admin 查看 2020211523的0 数据结构308作业
2022/6/15 00:52:06 admin 修改课程信息 0 数据结构308
2022/6/15 00:52:31 2020211523 查看课程 0 数据结构308
